Arguments: 
  /home/john/.nvm/versions/node/v14.16.0/bin/node /home/john/.nvm/versions/node/v14.16.0/bin/yarn add typescript

PATH: 
  /home/john/.yarn/bin:/home/john/.yarn/bin:/home/john/.nvm/versions/node/v14.16.0/bin:/home/john/.local/bin:/home/john/.local/bin:/usr/local/sbin:/usr/local/bin:/usr/bin:/usr/lib/jvm/default/bin:/usr/bin/site_perl:/usr/bin/vendor_perl:/usr/bin/core_perl:/var/lib/snapd/snap/bin:/usr/lib/jvm/default/bin

Yarn version: 
  1.22.10

Node version: 
  14.16.0

Platform: 
  linux x64

Trace: 
  SyntaxError: /media/datos/Work/typeorm-crud/package.json: Unexpected token } in JSON at position 614
      at JSON.parse (<anonymous>)
      at /home/john/.nvm/versions/node/v14.16.0/lib/node_modules/yarn/lib/cli.js:1625:59
      at Generator.next (<anonymous>)
      at step (/home/john/.nvm/versions/node/v14.16.0/lib/node_modules/yarn/lib/cli.js:310:30)
      at /home/john/.nvm/versions/node/v14.16.0/lib/node_modules/yarn/lib/cli.js:321:13

npm manifest: 
  {
    "name": "typeorm-crud",
    "version": "1.0.0",
    "description": "Libreria para nestjs que facilita el crud con typeorm",
    "main": "dist/index.js",
    "repository": "http://git.geocuba.cu/atlasjs/nestjs/lib/typeorm/typeorm-crud.git",
    "author": "jpablo <jpablo@uct.geocuba.cu>",
    "license": "MIT",
    "scripts": {
      "build": "tsc -p tsconfig.json",
      "prepublish:npm": "npm run build",
      "publish:npm": "npm publish --access public",
      "prepublish:next": "npm run build",
      "publish:next": "npm publish --access public --tag next",
      "prerelease": "npm run build",
      "release": "release-it"
    },
  
  }

yarn manifest: 
  No manifest

Lockfile: 
  # THIS IS AN AUTOGENERATED FILE. DO NOT EDIT THIS FILE DIRECTLY.
  # yarn lockfile v1
  
  
  typescript@^4.3.5:
    version "4.3.5"
    resolved "https://npm.geocuba.cu/typescript/-/typescript-4.3.5.tgz#4d1c37cc16e893973c45a06886b7113234f119f4"
    integrity sha512-DqQgihaQ9cUrskJo9kIyW/+g0Vxsk8cDtZ52a3NGh0YNTfpUSArXSohyUGnvbPazEPLu398C0UxmKSOrPumUzA==
